# JRE version: OpenJDK Runtime Environment (11.0.12+7) (build 11.0.12+7-b1504.28-7817840)
# Java VM: OpenJDK 64-Bit Server VM (11.0.12+7-b1504.28-7817840, mixed mode, tiered, compressed oops, g1 gc, windows-amd64)
Heap:
 garbage-first heap   total 626688K, used 295808K [0x0000000080000000, 0x0000000100000000)
  region size 1024K, 3 young (3072K), 3 survivors (3072K)
 Metaspace       used 144512K, capacity 149367K, committed 149632K, reserved 1179648K
  class space    used 17817K, capacity 19504K, committed 19584K, reserved 1048576K
GC Heap History (20 events):
Event: 777.698 GC heap after
{Heap after GC invocations=66 (full 0):
 garbage-first heap   total 260096K, used 160522K [0x0000000080000000, 0x0000000100000000)
  region size 1024K, 6 young (6144K), 6 survivors (6144K)
 Metaspace       used 134072K, capacity 138435K, committed 138752K, reserved 1169408K
  class space    used 16298K, capacity 17823K, committed 17920K, reserved 1048576K
}
Event: 777.813 GC heap before
{Heap before GC invocations=66 (full 0):
 garbage-first heap   total 260096K, used 179978K [0x0000000080000000, 0x0000000100000000)
  region size 1024K, 26 young (26624K), 6 survivors (6144K)
 Metaspace       used 134406K, capacity 138861K, committed 139008K, reserved 1171456K
  class space    used 16339K, capacity 17875K, committed 17920K, reserved 1048576K
}
Event: 777.821 GC heap after
{Heap after GC invocations=67 (full 0):
 garbage-first heap   total 321536K, used 163057K [0x0000000080000000, 0x0000000100000000)
  region size 1024K, 3 young (3072K), 3 survivors (3072K)
 Metaspace       used 134406K, capacity 138861K, committed 139008K, reserved 1171456K
  class space    used 16339K, capacity 17875K, committed 17920K, reserved 1048576K
}
Event: 778.420 GC heap before
{Heap before GC invocations=68 (full 0):
 garbage-first heap   total 321536K, used 242929K [0x0000000080000000, 0x0000000100000000)
  region size 1024K, 72 young (73728K), 3 survivors (3072K)
 Metaspace       used 137324K, capacity 141813K, committed 141952K, reserved 1173504K
  class space    used 16742K, capacity 18281K, committed 18304K, reserved 1048576K
}
Event: 778.426 GC heap after
{Heap after GC invocations=69 (full 0):
 garbage-first heap   total 321536K, used 179075K [0x0000000080000000, 0x0000000100000000)
  region size 1024K, 8 young (8192K), 8 survivors (8192K)
 Metaspace       used 137324K, capacity 141813K, committed 141952K, reserved 1173504K
  class space    used 16742K, capacity 18281K, committed 18304K, reserved 1048576K
}
Event: 778.728 GC heap before
{Heap before GC invocations=70 (full 0):
 garbage-first heap   total 321536K, used 258947K [0x0000000080000000, 0x0000000100000000)
  region size 1024K, 58 young (59392K), 8 survivors (8192K)
 Metaspace       used 138112K, capacity 142635K, committed 142848K, reserved 1173504K
  class space    used 16846K, capacity 18399K, committed 18432K, reserved 1048576K
}
Event: 778.777 GC heap after
{Heap after GC invocations=71 (full 0):
 garbage-first heap   total 321536K, used 207098K [0x0000000080000000, 0x0000000100000000)
  region size 1024K, 10 young (10240K), 10 survivors (10240K)
 Metaspace       used 138112K, capacity 142635K, committed 142848K, reserved 1173504K
  class space    used 16846K, capacity 18399K, committed 18432K, reserved 1048576K
}
Event: 779.105 GC heap before
{Heap before GC invocations=72 (full 0):
 garbage-first heap   total 321536K, used 257274K [0x0000000080000000, 0x0000000100000000)
  region size 1024K, 58 young (59392K), 10 survivors (10240K)
 Metaspace       used 140403K, capacity 145033K, committed 145152K, reserved 1175552K
  class space    used 17292K, capacity 18877K, committed 18944K, reserved 1048576K
}
Event: 779.128 GC heap after
{Heap after GC invocations=73 (full 0):
 garbage-first heap   total 321536K, used 227617K [0x0000000080000000, 0x0000000100000000)
  region size 1024K, 8 young (8192K), 8 survivors (8192K)
 Metaspace       used 140403K, capacity 145033K, committed 145152K, reserved 1175552K
  class space    used 17292K, capacity 18877K, committed 18944K, reserved 1048576K
}
Event: 779.152 GC heap before
{Heap before GC invocations=73 (full 0):
 garbage-first heap   total 321536K, used 234785K [0x0000000080000000, 0x0000000100000000)
  region size 1024K, 15 young (15360K), 8 survivors (8192K)
 Metaspace       used 140406K, capacity 145033K, committed 145152K, reserved 1175552K
  class space    used 17292K, capacity 18877K, committed 18944K, reserved 1048576K
}
Event: 779.168 GC heap after
{Heap after GC invocations=74 (full 0):
 garbage-first heap   total 321536K, used 229888K [0x0000000080000000, 0x0000000100000000)
  region size 1024K, 2 young (2048K), 2 survivors (2048K)
 Metaspace       used 140406K, capacity 145033K, committed 145152K, reserved 1175552K
  class space    used 17292K, capacity 18877K, committed 18944K, reserved 1048576K
}
Event: 779.259 GC heap before
{Heap before GC invocations=74 (full 0):
 garbage-first heap   total 321536K, used 261632K [0x0000000080000000, 0x0000000100000000)
  region size 1024K, 33 young (33792K), 2 survivors (2048K)
 Metaspace       used 140447K, capacity 145036K, committed 145152K, reserved 1175552K
  class space    used 17292K, capacity 18877K, committed 18944K, reserved 1048576K
}
Event: 779.277 GC heap after
{Heap after GC invocations=75 (full 0):
 garbage-first heap   total 524288K, used 246272K [0x0000000080000000, 0x0000000100000000)
  region size 1024K, 5 young (5120K), 5 survivors (5120K)
 Metaspace       used 140447K, capacity 145036K, committed 145152K, reserved 1175552K
  class space    used 17292K, capacity 18877K, committed 18944K, reserved 1048576K
}
Event: 780.001 GC heap before
{Heap before GC invocations=76 (full 0):
 garbage-first heap   total 524288K, used 341504K [0x0000000080000000, 0x0000000100000000)
  region size 1024K, 99 young (101376K), 5 survivors (5120K)
 Metaspace       used 143147K, capacity 147897K, committed 148096K, reserved 1177600K
  class space    used 17664K, capacity 19310K, committed 19328K, reserved 1048576K
}
Event: 780.033 GC heap after
{Heap after GC invocations=77 (full 0):
 garbage-first heap   total 524288K, used 275456K [0x0000000080000000, 0x0000000100000000)
  region size 1024K, 13 young (13312K), 13 survivors (13312K)
 Metaspace       used 143147K, capacity 147897K, committed 148096K, reserved 1177600K
  class space    used 17664K, capacity 19310K, committed 19328K, reserved 1048576K
}
Event: 780.258 GC heap before
{Heap before GC invocations=77 (full 0):
 garbage-first heap   total 524288K, used 322560K [0x0000000080000000, 0x0000000100000000)
  region size 1024K, 60 young (61440K), 13 survivors (13312K)
 Metaspace       used 143739K, capacity 148549K, committed 148736K, reserved 1179648K
  class space    used 17731K, capacity 19390K, committed 19456K, reserved 1048576K
}
Event: 780.277 GC heap after
{Heap after GC invocations=78 (full 0):
 garbage-first heap   total 524288K, used 282112K [0x0000000080000000, 0x0000000100000000)
  region size 1024K, 6 young (6144K), 6 survivors (6144K)
 Metaspace       used 143739K, capacity 148549K, committed 148736K, reserved 1179648K
  class space    used 17731K, capacity 19390K, committed 19456K, reserved 1048576K
}
Event: 781.160 GC heap before
{Heap before GC invocations=79 (full 0):
 garbage-first heap   total 524288K, used 376320K [0x0000000080000000, 0x0000000100000000)
  region size 1024K, 89 young (91136K), 6 survivors (6144K)
 Metaspace       used 144424K, capacity 149279K, committed 149376K, reserved 1179648K
  class space    used 17804K, capacity 19498K, committed 19584K, reserved 1048576K
}
Event: 781.176 GC heap after
{Heap after GC invocations=80 (full 0):
 garbage-first heap   total 524288K, used 296607K [0x0000000080000000, 0x0000000100000000)
  region size 1024K, 10 young (10240K), 10 survivors (10240K)
 Metaspace       used 144424K, capacity 149279K, committed 149376K, reserved 1179648K
  class space    used 17804K, capacity 19498K, committed 19584K, reserved 1048576K
}
Event: 781.272 GC heap before
{Heap before GC invocations=80 (full 0):
 garbage-first heap   total 524288K, used 320159K [0x0000000080000000, 0x0000000100000000)
  region size 1024K, 25 young (25600K), 10 survivors (10240K)
 Metaspace       used 144512K, capacity 149367K, committed 149632K, reserved 1179648K
  class space    used 17817K, capacity 19504K, committed 19584K, reserved 1048576K
}

